This is pdfTeX, Version 3.14159265-2.6-1.40.16 (TeX Live 2015) (preloaded format=pdflatex 2016.3.14)  30 APR 2016 11:55
entering extended mode
 restricted \write18 enabled.
 %&-line parsing enabled.
**main.tex
(./main.tex
LaTeX2e <2015/01/01>
Babel <3.9l> and hyphenation patterns for 79 languages loaded.
(/usr/local/texlive/2015/texmf-dist/tex/latex/base/article.cls
Document Class: article 2014/09/29 v1.4h Standard LaTeX document class
(/usr/local/texlive/2015/texmf-dist/tex/latex/base/size10.clo
File: size10.clo 2014/09/29 v1.4h Standard LaTeX file (size option)
)
\c@part=\count79
\c@section=\count80
\c@subsection=\count81
\c@subsubsection=\count82
\c@paragraph=\count83
\c@subparagraph=\count84
\c@figure=\count85
\c@table=\count86
\abovecaptionskip=\skip41
\belowcaptionskip=\skip42
\bibindent=\dimen102
)
(./thesisStyle.sty
Package: thesisStyle 

(/usr/local/texlive/2015/texmf-dist/tex/latex/geometry/geometry.sty
Package: geometry 2010/09/12 v5.6 Page Geometry

(/usr/local/texlive/2015/texmf-dist/tex/latex/graphics/keyval.sty
Package: keyval 2014/10/28 v1.15 key=value parser (DPC)
\KV@toks@=\toks14
)
(/usr/local/texlive/2015/texmf-dist/tex/generic/oberdiek/ifpdf.sty
Package: ifpdf 2011/01/30 v2.3 Provides the ifpdf switch (HO)
Package ifpdf Info: pdfTeX in PDF mode is detected.
)
(/usr/local/texlive/2015/texmf-dist/tex/generic/oberdiek/ifvtex.sty
Package: ifvtex 2010/03/01 v1.5 Detect VTeX and its facilities (HO)
Package ifvtex Info: VTeX not detected.
)
(/usr/local/texlive/2015/texmf-dist/tex/generic/ifxetex/ifxetex.sty
Package: ifxetex 2010/09/12 v0.6 Provides ifxetex conditional
)
\Gm@cnth=\count87
\Gm@cntv=\count88
\c@Gm@tempcnt=\count89
\Gm@bindingoffset=\dimen103
\Gm@wd@mp=\dimen104
\Gm@odd@mp=\dimen105
\Gm@even@mp=\dimen106
\Gm@layoutwidth=\dimen107
\Gm@layoutheight=\dimen108
\Gm@layouthoffset=\dimen109
\Gm@layoutvoffset=\dimen110
\Gm@dimlist=\toks15
)
(/usr/local/texlive/2015/texmf-dist/tex/latex/base/inputenc.sty
Package: inputenc 2015/03/17 v1.2c Input encoding file
\inpenc@prehook=\toks16
\inpenc@posthook=\toks17

(/usr/local/texlive/2015/texmf-dist/tex/latex/base/utf8.def
File: utf8.def 2014/09/29 v1.1m UTF-8 support for inputenc
Now handling font encoding OML ...
... no UTF-8 mapping file for font encoding OML
Now handling font encoding T1 ...
... processing UTF-8 mapping file for font encoding T1

(/usr/local/texlive/2015/texmf-dist/tex/latex/base/t1enc.dfu
File: t1enc.dfu 2014/09/29 v1.1m UTF-8 support for inputenc
   defining Unicode char U+00A1 (decimal 161)
   defining Unicode char U+00A3 (decimal 163)
   defining Unicode char U+00AB (decimal 171)
   defining Unicode char U+00BB (decimal 187)
   defining Unicode char U+00BF (decimal 191)
   defining Unicode char U+00C0 (decimal 192)
   defining Unicode char U+00C1 (decimal 193)
   defining Unicode char U+00C2 (decimal 194)
   defining Unicode char U+00C3 (decimal 195)
   defining Unicode char U+00C4 (decimal 196)
   defining Unicode char U+00C5 (decimal 197)
   defining Unicode char U+00C6 (decimal 198)
   defining Unicode char U+00C7 (decimal 199)
   defining Unicode char U+00C8 (decimal 200)
   defining Unicode char U+00C9 (decimal 201)
   defining Unicode char U+00CA (decimal 202)
   defining Unicode char U+00CB (decimal 203)
   defining Unicode char U+00CC (decimal 204)
   defining Unicode char U+00CD (decimal 205)
   defining Unicode char U+00CE (decimal 206)
   defining Unicode char U+00CF (decimal 207)
   defining Unicode char U+00D0 (decimal 208)
   defining Unicode char U+00D1 (decimal 209)
   defining Unicode char U+00D2 (decimal 210)
   defining Unicode char U+00D3 (decimal 211)
   defining Unicode char U+00D4 (decimal 212)
   defining Unicode char U+00D5 (decimal 213)
   defining Unicode char U+00D6 (decimal 214)
   defining Unicode char U+00D8 (decimal 216)
   defining Unicode char U+00D9 (decimal 217)
   defining Unicode char U+00DA (decimal 218)
   defining Unicode char U+00DB (decimal 219)
   defining Unicode char U+00DC (decimal 220)
   defining Unicode char U+00DD (decimal 221)
   defining Unicode char U+00DE (decimal 222)
   defining Unicode char U+00DF (decimal 223)
   defining Unicode char U+00E0 (decimal 224)
   defining Unicode char U+00E1 (decimal 225)
   defining Unicode char U+00E2 (decimal 226)
   defining Unicode char U+00E3 (decimal 227)
   defining Unicode char U+00E4 (decimal 228)
   defining Unicode char U+00E5 (decimal 229)
   defining Unicode char U+00E6 (decimal 230)
   defining Unicode char U+00E7 (decimal 231)
   defining Unicode char U+00E8 (decimal 232)
   defining Unicode char U+00E9 (decimal 233)
   defining Unicode char U+00EA (decimal 234)
   defining Unicode char U+00EB (decimal 235)
   defining Unicode char U+00EC (decimal 236)
   defining Unicode char U+00ED (decimal 237)
   defining Unicode char U+00EE (decimal 238)
   defining Unicode char U+00EF (decimal 239)
   defining Unicode char U+00F0 (decimal 240)
   defining Unicode char U+00F1 (decimal 241)
   defining Unicode char U+00F2 (decimal 242)
   defining Unicode char U+00F3 (decimal 243)
   defining Unicode char U+00F4 (decimal 244)
   defining Unicode char U+00F5 (decimal 245)
   defining Unicode char U+00F6 (decimal 246)
   defining Unicode char U+00F8 (decimal 248)
   defining Unicode char U+00F9 (decimal 249)
   defining Unicode char U+00FA (decimal 250)
   defining Unicode char U+00FB (decimal 251)
   defining Unicode char U+00FC (decimal 252)
   defining Unicode char U+00FD (decimal 253)
   defining Unicode char U+00FE (decimal 254)
   defining Unicode char U+00FF (decimal 255)
   defining Unicode char U+0102 (decimal 258)
   defining Unicode char U+0103 (decimal 259)
   defining Unicode char U+0104 (decimal 260)
   defining Unicode char U+0105 (decimal 261)
   defining Unicode char U+0106 (decimal 262)
   defining Unicode char U+0107 (decimal 263)
   defining Unicode char U+010C (decimal 268)
   defining Unicode char U+010D (decimal 269)
   defining Unicode char U+010E (decimal 270)
   defining Unicode char U+010F (decimal 271)
   defining Unicode char U+0110 (decimal 272)
   defining Unicode char U+0111 (decimal 273)
   defining Unicode char U+0118 (decimal 280)
   defining Unicode char U+0119 (decimal 281)
   defining Unicode char U+011A (decimal 282)
   defining Unicode char U+011B (decimal 283)
   defining Unicode char U+011E (decimal 286)
   defining Unicode char U+011F (decimal 287)
   defining Unicode char U+0130 (decimal 304)
   defining Unicode char U+0131 (decimal 305)
   defining Unicode char U+0132 (decimal 306)
   defining Unicode char U+0133 (decimal 307)
   defining Unicode char U+0139 (decimal 313)
   defining Unicode char U+013A (decimal 314)
   defining Unicode char U+013D (decimal 317)
   defining Unicode char U+013E (decimal 318)
   defining Unicode char U+0141 (decimal 321)
   defining Unicode char U+0142 (decimal 322)
   defining Unicode char U+0143 (decimal 323)
   defining Unicode char U+0144 (decimal 324)
   defining Unicode char U+0147 (decimal 327)
   defining Unicode char U+0148 (decimal 328)
   defining Unicode char U+014A (decimal 330)
   defining Unicode char U+014B (decimal 331)
   defining Unicode char U+0150 (decimal 336)
   defining Unicode char U+0151 (decimal 337)
   defining Unicode char U+0152 (decimal 338)
   defining Unicode char U+0153 (decimal 339)
   defining Unicode char U+0154 (decimal 340)
   defining Unicode char U+0155 (decimal 341)
   defining Unicode char U+0158 (decimal 344)
   defining Unicode char U+0159 (decimal 345)
   defining Unicode char U+015A (decimal 346)
   defining Unicode char U+015B (decimal 347)
   defining Unicode char U+015E (decimal 350)
   defining Unicode char U+015F (decimal 351)
   defining Unicode char U+0160 (decimal 352)
   defining Unicode char U+0161 (decimal 353)
   defining Unicode char U+0162 (decimal 354)
   defining Unicode char U+0163 (decimal 355)
   defining Unicode char U+0164 (decimal 356)
   defining Unicode char U+0165 (decimal 357)
   defining Unicode char U+016E (decimal 366)
   defining Unicode char U+016F (decimal 367)
   defining Unicode char U+0170 (decimal 368)
   defining Unicode char U+0171 (decimal 369)
   defining Unicode char U+0178 (decimal 376)
   defining Unicode char U+0179 (decimal 377)
   defining Unicode char U+017A (decimal 378)
   defining Unicode char U+017B (decimal 379)
   defining Unicode char U+017C (decimal 380)
   defining Unicode char U+017D (decimal 381)
   defining Unicode char U+017E (decimal 382)
   defining Unicode char U+200C (decimal 8204)
   defining Unicode char U+2013 (decimal 8211)
   defining Unicode char U+2014 (decimal 8212)
   defining Unicode char U+2018 (decimal 8216)
   defining Unicode char U+2019 (decimal 8217)
   defining Unicode char U+201A (decimal 8218)
   defining Unicode char U+201C (decimal 8220)
   defining Unicode char U+201D (decimal 8221)
   defining Unicode char U+201E (decimal 8222)
   defining Unicode char U+2030 (decimal 8240)
   defining Unicode char U+2031 (decimal 8241)
   defining Unicode char U+2039 (decimal 8249)
   defining Unicode char U+203A (decimal 8250)
   defining Unicode char U+2423 (decimal 9251)
)
Now handling font encoding OT1 ...
... processing UTF-8 mapping file for font encoding OT1

(/usr/local/texlive/2015/texmf-dist/tex/latex/base/ot1enc.dfu
File: ot1enc.dfu 2014/09/29 v1.1m UTF-8 support for inputenc
   defining Unicode char U+00A1 (decimal 161)
   defining Unicode char U+00A3 (decimal 163)
   defining Unicode char U+00B8 (decimal 184)
   defining Unicode char U+00BF (decimal 191)
   defining Unicode char U+00C5 (decimal 197)
   defining Unicode char U+00C6 (decimal 198)
   defining Unicode char U+00D8 (decimal 216)
   defining Unicode char U+00DF (decimal 223)
   defining Unicode char U+00E6 (decimal 230)
   defining Unicode char U+00EC (decimal 236)
   defining Unicode char U+00ED (decimal 237)
   defining Unicode char U+00EE (decimal 238)
   defining Unicode char U+00EF (decimal 239)
   defining Unicode char U+00F8 (decimal 248)
   defining Unicode char U+0131 (decimal 305)
   defining Unicode char U+0141 (decimal 321)
   defining Unicode char U+0142 (decimal 322)
   defining Unicode char U+0152 (decimal 338)
   defining Unicode char U+0153 (decimal 339)
   defining Unicode char U+2013 (decimal 8211)
   defining Unicode char U+2014 (decimal 8212)
   defining Unicode char U+2018 (decimal 8216)
   defining Unicode char U+2019 (decimal 8217)
   defining Unicode char U+201C (decimal 8220)
   defining Unicode char U+201D (decimal 8221)
)
Now handling font encoding OMS ...
... processing UTF-8 mapping file for font encoding OMS

(/usr/local/texlive/2015/texmf-dist/tex/latex/base/omsenc.dfu
File: omsenc.dfu 2014/09/29 v1.1m UTF-8 support for inputenc
   defining Unicode char U+00A7 (decimal 167)
   defining Unicode char U+00B6 (decimal 182)
   defining Unicode char U+00B7 (decimal 183)
   defining Unicode char U+2020 (decimal 8224)
   defining Unicode char U+2021 (decimal 8225)
   defining Unicode char U+2022 (decimal 8226)
)
Now handling font encoding OMX ...
... no UTF-8 mapping file for font encoding OMX
Now handling font encoding U ...
... no UTF-8 mapping file for font encoding U
   defining Unicode char U+00A9 (decimal 169)
   defining Unicode char U+00AA (decimal 170)
   defining Unicode char U+00AE (decimal 174)
   defining Unicode char U+00BA (decimal 186)
   defining Unicode char U+02C6 (decimal 710)
   defining Unicode char U+02DC (decimal 732)
   defining Unicode char U+200C (decimal 8204)
   defining Unicode char U+2026 (decimal 8230)
   defining Unicode char U+2122 (decimal 8482)
   defining Unicode char U+2423 (decimal 9251)
))
(/usr/local/texlive/2015/texmf-dist/tex/latex/subfiles/subfiles.sty
Package: subfiles 2012/05/23 Federico Garcia

(/usr/local/texlive/2015/texmf-dist/tex/latex/tools/verbatim.sty
Package: verbatim 2014/10/28 v1.5q LaTeX2e package for verbatim enhancements
\every@verbatim=\toks18
\verbatim@line=\toks19
\verbatim@in@stream=\read1
))
(/usr/local/texlive/2015/texmf-dist/tex/latex/fancyhdr/fancyhdr.sty
\fancy@headwidth=\skip43
\f@ncyO@elh=\skip44
\f@ncyO@erh=\skip45
\f@ncyO@olh=\skip46
\f@ncyO@orh=\skip47
\f@ncyO@elf=\skip48
\f@ncyO@erf=\skip49
\f@ncyO@olf=\skip50
\f@ncyO@orf=\skip51
)
(/usr/local/texlive/2015/texmf-dist/tex/latex/graphics/graphicx.sty
Package: graphicx 2014/10/28 v1.0g Enhanced LaTeX Graphics (DPC,SPQR)

(/usr/local/texlive/2015/texmf-dist/tex/latex/graphics/graphics.sty
Package: graphics 2014/10/28 v1.0p Standard LaTeX Graphics (DPC,SPQR)

(/usr/local/texlive/2015/texmf-dist/tex/latex/graphics/trig.sty
Package: trig 1999/03/16 v1.09 sin cos tan (DPC)
)
(/usr/local/texlive/2015/texmf-dist/tex/latex/latexconfig/graphics.cfg
File: graphics.cfg 2010/04/23 v1.9 graphics configuration of TeX Live
)
Package graphics Info: Driver file: pdftex.def on input line 94.

(/usr/local/texlive/2015/texmf-dist/tex/latex/pdftex-def/pdftex.def
File: pdftex.def 2011/05/27 v0.06d Graphics/color for pdfTeX

(/usr/local/texlive/2015/texmf-dist/tex/generic/oberdiek/infwarerr.sty
Package: infwarerr 2010/04/08 v1.3 Providing info/warning/error messages (HO)
)
(/usr/local/texlive/2015/texmf-dist/tex/generic/oberdiek/ltxcmds.sty
Package: ltxcmds 2011/11/09 v1.22 LaTeX kernel commands for general use (HO)
)
\Gread@gobject=\count90
))
\Gin@req@height=\dimen111
\Gin@req@width=\dimen112
)
(/usr/local/texlive/2015/texmf-dist/tex/latex/parskip/parskip.sty
Package: parskip 2001/04/09 non-zero parskip adjustments
)
(/usr/local/texlive/2015/texmf-dist/tex/latex/hyperref/hyperref.sty
Package: hyperref 2012/11/06 v6.83m Hypertext links for LaTeX

(/usr/local/texlive/2015/texmf-dist/tex/generic/oberdiek/hobsub-hyperref.sty
Package: hobsub-hyperref 2012/05/28 v1.13 Bundle oberdiek, subset hyperref (HO)


(/usr/local/texlive/2015/texmf-dist/tex/generic/oberdiek/hobsub-generic.sty
Package: hobsub-generic 2012/05/28 v1.13 Bundle oberdiek, subset generic (HO)
Package: hobsub 2012/05/28 v1.13 Construct package bundles (HO)
Package hobsub Info: Skipping package `infwarerr' (already loaded).
Package hobsub Info: Skipping package `ltxcmds' (already loaded).
Package: ifluatex 2010/03/01 v1.3 Provides the ifluatex switch (HO)
Package ifluatex Info: LuaTeX not detected.
Package hobsub Info: Skipping package `ifvtex' (already loaded).
Package: intcalc 2007/09/27 v1.1 Expandable calculations with integers (HO)
Package hobsub Info: Skipping package `ifpdf' (already loaded).
Package: etexcmds 2011/02/16 v1.5 Avoid name clashes with e-TeX commands (HO)
Package etexcmds Info: Could not find \expanded.
(etexcmds)             That can mean that you are not using pdfTeX 1.50 or
(etexcmds)             that some package has redefined \expanded.
(etexcmds)             In the latter case, load this package earlier.
Package: kvsetkeys 2012/04/25 v1.16 Key value parser (HO)
Package: kvdefinekeys 2011/04/07 v1.3 Define keys (HO)
Package: pdftexcmds 2011/11/29 v0.20 Utility functions of pdfTeX for LuaTeX (HO
)
Package pdftexcmds Info: LuaTeX not detected.
Package pdftexcmds Info: \pdf@primitive is available.
Package pdftexcmds Info: \pdf@ifprimitive is available.
Package pdftexcmds Info: \pdfdraftmode found.
Package: pdfescape 2011/11/25 v1.13 Implements pdfTeX's escape features (HO)
Package: bigintcalc 2012/04/08 v1.3 Expandable calculations on big integers (HO
)
Package: bitset 2011/01/30 v1.1 Handle bit-vector datatype (HO)
Package: uniquecounter 2011/01/30 v1.2 Provide unlimited unique counter (HO)
)
Package hobsub Info: Skipping package `hobsub' (already loaded).
Package: letltxmacro 2010/09/02 v1.4 Let assignment for LaTeX macros (HO)
Package: hopatch 2012/05/28 v1.2 Wrapper for package hooks (HO)
Package: xcolor-patch 2011/01/30 xcolor patch
Package: atveryend 2011/06/30 v1.8 Hooks at the very end of document (HO)
Package atveryend Info: \enddocument detected (standard20110627).
Package: atbegshi 2011/10/05 v1.16 At begin shipout hook (HO)
Package: refcount 2011/10/16 v3.4 Data extraction from label references (HO)
Package: hycolor 2011/01/30 v1.7 Color options for hyperref/bookmark (HO)
)
(/usr/local/texlive/2015/texmf-dist/tex/latex/oberdiek/auxhook.sty
Package: auxhook 2011/03/04 v1.3 Hooks for auxiliary files (HO)
)
(/usr/local/texlive/2015/texmf-dist/tex/latex/oberdiek/kvoptions.sty
Package: kvoptions 2011/06/30 v3.11 Key value format for package options (HO)
)
\@linkdim=\dimen113
\Hy@linkcounter=\count91
\Hy@pagecounter=\count92

(/usr/local/texlive/2015/texmf-dist/tex/latex/hyperref/pd1enc.def
File: pd1enc.def 2012/11/06 v6.83m Hyperref: PDFDocEncoding definition (HO)
Now handling font encoding PD1 ...
... no UTF-8 mapping file for font encoding PD1
)
\Hy@SavedSpaceFactor=\count93

(/usr/local/texlive/2015/texmf-dist/tex/latex/latexconfig/hyperref.cfg
File: hyperref.cfg 2002/06/06 v1.2 hyperref configuration of TeXLive
)
Package hyperref Info: Option `colorlinks' set `true' on input line 4319.
Package hyperref Info: Hyper figures OFF on input line 4443.
Package hyperref Info: Link nesting OFF on input line 4448.
Package hyperref Info: Hyper index ON on input line 4451.
Package hyperref Info: Plain pages OFF on input line 4458.
Package hyperref Info: Backreferencing OFF on input line 4463.
Package hyperref Info: Implicit mode ON; LaTeX internals redefined.
Package hyperref Info: Bookmarks ON on input line 4688.
\c@Hy@tempcnt=\count94

(/usr/local/texlive/2015/texmf-dist/tex/latex/url/url.sty
\Urlmuskip=\muskip10
Package: url 2013/09/16  ver 3.4  Verb mode for urls, etc.
)
LaTeX Info: Redefining \url on input line 5041.
\XeTeXLinkMargin=\dimen114
\Fld@menulength=\count95
\Field@Width=\dimen115
\Fld@charsize=\dimen116
Package hyperref Info: Hyper figures OFF on input line 6295.
Package hyperref Info: Link nesting OFF on input line 6300.
Package hyperref Info: Hyper index ON on input line 6303.
Package hyperref Info: backreferencing OFF on input line 6310.
Package hyperref Info: Link coloring ON on input line 6313.
Package hyperref Info: Link coloring with OCG OFF on input line 6320.
Package hyperref Info: PDF/A mode OFF on input line 6325.
LaTeX Info: Redefining \ref on input line 6365.
LaTeX Info: Redefining \pageref on input line 6369.
\Hy@abspage=\count96
\c@Item=\count97
\c@Hfootnote=\count98
)

Package hyperref Message: Driver (autodetected): hpdftex.

(/usr/local/texlive/2015/texmf-dist/tex/latex/hyperref/hpdftex.def
File: hpdftex.def 2012/11/06 v6.83m Hyperref driver for pdfTeX
\Fld@listcount=\count99
\c@bookmark@seq@number=\count100

(/usr/local/texlive/2015/texmf-dist/tex/latex/oberdiek/rerunfilecheck.sty
Package: rerunfilecheck 2011/04/15 v1.7 Rerun checks for auxiliary files (HO)
Package uniquecounter Info: New unique counter `rerunfilecheck' on input line 2
82.
)
\Hy@SectionHShift=\skip52
)
(./acronym.sty
Package: acronym 2015/03/21 v1.41 Support for acronyms (Tobias Oetiker)
 (/usr/local/texlive/2015/texmf-dist/tex/latex/bigfoot/suffix.sty
Package: suffix 2006/07/15 1.5a Variant command support
) (/usr/local/texlive/2015/texmf-dist/tex/generic/xstring/xstring.sty
(/usr/local/texlive/2015/texmf-dist/tex/generic/xstring/xstring.tex
\@xs@message=\write3
\integerpart=\count101
\decimalpart=\count102
)
Package: xstring 2013/10/13  v1.7c  String manipulations (C Tellechea)
)
\AC@clearlist=\toks20
)
(/usr/local/texlive/2015/texmf-dist/tex/latex/base/textcomp.sty
Package: textcomp 2005/09/27 v1.99g Standard LaTeX package
Package textcomp Info: Sub-encoding information:
(textcomp)               5 = only ISO-Adobe without \textcurrency
(textcomp)               4 = 5 + \texteuro
(textcomp)               3 = 4 + \textohm
(textcomp)               2 = 3 + \textestimated + \textcurrency
(textcomp)               1 = TS1 - \textcircled - \t
(textcomp)               0 = TS1 (full)
(textcomp)             Font families with sub-encoding setting implement
(textcomp)             only a restricted character set as indicated.
(textcomp)             Family '?' is the default used for unknown fonts.
(textcomp)             See the documentation for details.
Package textcomp Info: Setting ? sub-encoding to TS1/1 on input line 79.

(/usr/local/texlive/2015/texmf-dist/tex/latex/base/ts1enc.def
File: ts1enc.def 2001/06/05 v3.0e (jk/car/fm) Standard LaTeX file
Now handling font encoding TS1 ...
... processing UTF-8 mapping file for font encoding TS1

(/usr/local/texlive/2015/texmf-dist/tex/latex/base/ts1enc.dfu
File: ts1enc.dfu 2014/09/29 v1.1m UTF-8 support for inputenc
   defining Unicode char U+00A2 (decimal 162)
   defining Unicode char U+00A3 (decimal 163)
   defining Unicode char U+00A4 (decimal 164)
   defining Unicode char U+00A5 (decimal 165)
   defining Unicode char U+00A6 (decimal 166)
   defining Unicode char U+00A7 (decimal 167)
   defining Unicode char U+00A8 (decimal 168)
   defining Unicode char U+00A9 (decimal 169)
   defining Unicode char U+00AA (decimal 170)
   defining Unicode char U+00AC (decimal 172)
   defining Unicode char U+00AE (decimal 174)
   defining Unicode char U+00AF (decimal 175)
   defining Unicode char U+00B0 (decimal 176)
   defining Unicode char U+00B1 (decimal 177)
   defining Unicode char U+00B2 (decimal 178)
   defining Unicode char U+00B3 (decimal 179)
   defining Unicode char U+00B4 (decimal 180)
   defining Unicode char U+00B5 (decimal 181)
   defining Unicode char U+00B6 (decimal 182)
   defining Unicode char U+00B7 (decimal 183)
   defining Unicode char U+00B9 (decimal 185)
   defining Unicode char U+00BA (decimal 186)
   defining Unicode char U+00BC (decimal 188)
   defining Unicode char U+00BD (decimal 189)
   defining Unicode char U+00BE (decimal 190)
   defining Unicode char U+00D7 (decimal 215)
   defining Unicode char U+00F7 (decimal 247)
   defining Unicode char U+0192 (decimal 402)
   defining Unicode char U+02C7 (decimal 711)
   defining Unicode char U+02D8 (decimal 728)
   defining Unicode char U+02DD (decimal 733)
   defining Unicode char U+0E3F (decimal 3647)
   defining Unicode char U+2016 (decimal 8214)
   defining Unicode char U+2020 (decimal 8224)
   defining Unicode char U+2021 (decimal 8225)
   defining Unicode char U+2022 (decimal 8226)
   defining Unicode char U+2030 (decimal 8240)
   defining Unicode char U+2031 (decimal 8241)
   defining Unicode char U+203B (decimal 8251)
   defining Unicode char U+203D (decimal 8253)
   defining Unicode char U+2044 (decimal 8260)
   defining Unicode char U+204E (decimal 8270)
   defining Unicode char U+2052 (decimal 8274)
   defining Unicode char U+20A1 (decimal 8353)
   defining Unicode char U+20A4 (decimal 8356)
   defining Unicode char U+20A6 (decimal 8358)
   defining Unicode char U+20A9 (decimal 8361)
   defining Unicode char U+20AB (decimal 8363)
   defining Unicode char U+20AC (decimal 8364)
   defining Unicode char U+20B1 (decimal 8369)
   defining Unicode char U+2103 (decimal 8451)
   defining Unicode char U+2116 (decimal 8470)
   defining Unicode char U+2117 (decimal 8471)
   defining Unicode char U+211E (decimal 8478)
   defining Unicode char U+2120 (decimal 8480)
   defining Unicode char U+2122 (decimal 8482)
   defining Unicode char U+2126 (decimal 8486)
   defining Unicode char U+2127 (decimal 8487)
   defining Unicode char U+212E (decimal 8494)
   defining Unicode char U+2190 (decimal 8592)
   defining Unicode char U+2191 (decimal 8593)
   defining Unicode char U+2192 (decimal 8594)
   defining Unicode char U+2193 (decimal 8595)
   defining Unicode char U+2329 (decimal 9001)
   defining Unicode char U+232A (decimal 9002)
   defining Unicode char U+2422 (decimal 9250)
   defining Unicode char U+25E6 (decimal 9702)
   defining Unicode char U+25EF (decimal 9711)
   defining Unicode char U+266A (decimal 9834)
))
LaTeX Info: Redefining \oldstylenums on input line 334.
Package textcomp Info: Setting cmr sub-encoding to TS1/0 on input line 349.
Package textcomp Info: Setting cmss sub-encoding to TS1/0 on input line 350.
Package textcomp Info: Setting cmtt sub-encoding to TS1/0 on input line 351.
Package textcomp Info: Setting cmvtt sub-encoding to TS1/0 on input line 352.
Package textcomp Info: Setting cmbr sub-encoding to TS1/0 on input line 353.
Package textcomp Info: Setting cmtl sub-encoding to TS1/0 on input line 354.
Package textcomp Info: Setting ccr sub-encoding to TS1/0 on input line 355.
Package textcomp Info: Setting ptm sub-encoding to TS1/4 on input line 356.
Package textcomp Info: Setting pcr sub-encoding to TS1/4 on input line 357.
Package textcomp Info: Setting phv sub-encoding to TS1/4 on input line 358.
Package textcomp Info: Setting ppl sub-encoding to TS1/3 on input line 359.
Package textcomp Info: Setting pag sub-encoding to TS1/4 on input line 360.
Package textcomp Info: Setting pbk sub-encoding to TS1/4 on input line 361.
Package textcomp Info: Setting pnc sub-encoding to TS1/4 on input line 362.
Package textcomp Info: Setting pzc sub-encoding to TS1/4 on input line 363.
Package textcomp Info: Setting bch sub-encoding to TS1/4 on input line 364.
Package textcomp Info: Setting put sub-encoding to TS1/5 on input line 365.
Package textcomp Info: Setting uag sub-encoding to TS1/5 on input line 366.
Package textcomp Info: Setting ugq sub-encoding to TS1/5 on input line 367.
Package textcomp Info: Setting ul8 sub-encoding to TS1/4 on input line 368.
Package textcomp Info: Setting ul9 sub-encoding to TS1/4 on input line 369.
Package textcomp Info: Setting augie sub-encoding to TS1/5 on input line 370.
Package textcomp Info: Setting dayrom sub-encoding to TS1/3 on input line 371.
Package textcomp Info: Setting dayroms sub-encoding to TS1/3 on input line 372.

Package textcomp Info: Setting pxr sub-encoding to TS1/0 on input line 373.
Package textcomp Info: Setting pxss sub-encoding to TS1/0 on input line 374.
Package textcomp Info: Setting pxtt sub-encoding to TS1/0 on input line 375.
Package textcomp Info: Setting txr sub-encoding to TS1/0 on input line 376.
Package textcomp Info: Setting txss sub-encoding to TS1/0 on input line 377.
Package textcomp Info: Setting txtt sub-encoding to TS1/0 on input line 378.
Package textcomp Info: Setting lmr sub-encoding to TS1/0 on input line 379.
Package textcomp Info: Setting lmdh sub-encoding to TS1/0 on input line 380.
Package textcomp Info: Setting lmss sub-encoding to TS1/0 on input line 381.
Package textcomp Info: Setting lmssq sub-encoding to TS1/0 on input line 382.
Package textcomp Info: Setting lmvtt sub-encoding to TS1/0 on input line 383.
Package textcomp Info: Setting lmtt sub-encoding to TS1/0 on input line 384.
Package textcomp Info: Setting qhv sub-encoding to TS1/0 on input line 385.
Package textcomp Info: Setting qag sub-encoding to TS1/0 on input line 386.
Package textcomp Info: Setting qbk sub-encoding to TS1/0 on input line 387.
Package textcomp Info: Setting qcr sub-encoding to TS1/0 on input line 388.
Package textcomp Info: Setting qcs sub-encoding to TS1/0 on input line 389.
Package textcomp Info: Setting qpl sub-encoding to TS1/0 on input line 390.
Package textcomp Info: Setting qtm sub-encoding to TS1/0 on input line 391.
Package textcomp Info: Setting qzc sub-encoding to TS1/0 on input line 392.
Package textcomp Info: Setting qhvc sub-encoding to TS1/0 on input line 393.
Package textcomp Info: Setting futs sub-encoding to TS1/4 on input line 394.
Package textcomp Info: Setting futx sub-encoding to TS1/4 on input line 395.
Package textcomp Info: Setting futj sub-encoding to TS1/4 on input line 396.
Package textcomp Info: Setting hlh sub-encoding to TS1/3 on input line 397.
Package textcomp Info: Setting hls sub-encoding to TS1/3 on input line 398.
Package textcomp Info: Setting hlst sub-encoding to TS1/3 on input line 399.
Package textcomp Info: Setting hlct sub-encoding to TS1/5 on input line 400.
Package textcomp Info: Setting hlx sub-encoding to TS1/5 on input line 401.
Package textcomp Info: Setting hlce sub-encoding to TS1/5 on input line 402.
Package textcomp Info: Setting hlcn sub-encoding to TS1/5 on input line 403.
Package textcomp Info: Setting hlcw sub-encoding to TS1/5 on input line 404.
Package textcomp Info: Setting hlcf sub-encoding to TS1/5 on input line 405.
Package textcomp Info: Setting pplx sub-encoding to TS1/3 on input line 406.
Package textcomp Info: Setting pplj sub-encoding to TS1/3 on input line 407.
Package textcomp Info: Setting ptmx sub-encoding to TS1/4 on input line 408.
Package textcomp Info: Setting ptmj sub-encoding to TS1/4 on input line 409.
)
(/usr/local/texlive/2015/texmf-dist/tex/latex/appendix/appendix.sty
Package: appendix 2009/09/02 v1.2b extra appendix facilities
\c@@pps=\count103
\c@@ppsavesec=\count104
\c@@ppsaveapp=\count105
)
(/usr/local/texlive/2015/texmf-dist/tex/latex/listings/listings.sty
\lst@mode=\count106
\lst@gtempboxa=\box26
\lst@token=\toks21
\lst@length=\count107
\lst@currlwidth=\dimen117
\lst@column=\count108
\lst@pos=\count109
\lst@lostspace=\dimen118
\lst@width=\dimen119
\lst@newlines=\count110
\lst@lineno=\count111
\lst@maxwidth=\dimen120

(/usr/local/texlive/2015/texmf-dist/tex/latex/listings/lstmisc.sty
File: lstmisc.sty 2014/09/06 1.5e (Carsten Heinz)
\c@lstnumber=\count112
\lst@skipnumbers=\count113
\lst@framebox=\box27
)
(/usr/local/texlive/2015/texmf-dist/tex/latex/listings/listings.cfg
File: listings.cfg 2014/09/06 1.5e listings configuration
))
Package: listings 2014/09/06 1.5e (Carsten Heinz)

(/usr/local/texlive/2015/texmf-dist/tex/latex/graphics/color.sty
Package: color 2014/10/28 v1.1a Standard LaTeX Color (DPC)

(/usr/local/texlive/2015/texmf-dist/tex/latex/latexconfig/color.cfg
File: color.cfg 2007/01/18 v1.5 color configuration of teTeX/TeXLive
)
Package color Info: Driver file: pdftex.def on input line 142.
)
(/usr/local/texlive/2015/texmf-dist/tex/latex/listings/lstlang1.sty
File: lstlang1.sty 2014/09/06 1.5e listings language file
)
(/usr/local/texlive/2015/texmf-dist/tex/latex/wrapfig/wrapfig.sty
\wrapoverhang=\dimen121
\WF@size=\dimen122
\c@WF@wrappedlines=\count114
\WF@box=\box28
\WF@everypar=\toks22
Package: wrapfig 2003/01/31  v 3.6
)
(/usr/local/texlive/2015/texmf-dist/tex/latex/biblatex/biblatex.sty
Package: biblatex 2015/04/19 v3.0 programmable bibliographies (PK/JW/AB)


Package biblatex Warning: No "backend" specified, using Biber backend.
(biblatex)                To use BibTeX, load biblatex with 
(biblatex)                the "backend=bibtex" option.

(/usr/local/texlive/2015/texmf-dist/tex/latex/biblatex/biblatex2.sty
Package: biblatex2 2015/04/19 v3.0 programmable bibliographies (biber) (PK/JW/A
B)

(/usr/local/texlive/2015/texmf-dist/tex/latex/etoolbox/etoolbox.sty
Package: etoolbox 2015/05/04 v2.2 e-TeX tools for LaTeX (JAW)
\etb@tempcnta=\count115
)
(/usr/local/texlive/2015/texmf-dist/tex/latex/logreq/logreq.sty
Package: logreq 2010/08/04 v1.0 xml request logger
\lrq@indent=\count116

(/usr/local/texlive/2015/texmf-dist/tex/latex/logreq/logreq.def
File: logreq.def 2010/08/04 v1.0 logreq spec v1.0
))
(/usr/local/texlive/2015/texmf-dist/tex/latex/base/ifthen.sty
Package: ifthen 2014/09/29 v1.1c Standard LaTeX ifthen package (DPC)
)
\c@tabx@nest=\count117
\c@listtotal=\count118
\c@listcount=\count119
\c@liststart=\count120
\c@liststop=\count121
\c@citecount=\count122
\c@citetotal=\count123
\c@multicitecount=\count124
\c@multicitetotal=\count125
\c@instcount=\count126
\c@maxnames=\count127
\c@minnames=\count128
\c@maxitems=\count129
\c@minitems=\count130
\c@citecounter=\count131
\c@savedcitecounter=\count132
\c@uniquelist=\count133
\c@uniquename=\count134
\c@refsection=\count135
\c@refsegment=\count136
\c@maxextratitle=\count137
\c@maxextratitleyear=\count138
\c@maxextrayear=\count139
\c@maxextraalpha=\count140
\c@abbrvpenalty=\count141
\c@highnamepenalty=\count142
\c@lownamepenalty=\count143
\c@maxparens=\count144
\c@parenlevel=\count145
\blx@tempcnta=\count146
\blx@tempcntb=\count147
\blx@tempcntc=\count148
\blx@maxsection=\count149
\blx@maxsegment@0=\count150
\blx@notetype=\count151
\blx@parenlevel@text=\count152
\blx@parenlevel@foot=\count153
\blx@sectionciteorder@0=\count154
\labelnumberwidth=\skip53
\labelalphawidth=\skip54
\biblabelsep=\skip55
\bibitemsep=\skip56
\bibnamesep=\skip57
\bibinitsep=\skip58
\bibparsep=\skip59
\bibhang=\skip60
\blx@bcfin=\read2
\blx@bcfout=\write4
\c@mincomprange=\count155
\c@maxcomprange=\count156
\c@mincompwidth=\count157
Package biblatex Info: Trying to load biblatex default data model...
Package biblatex Info: ... file 'blx-dm.def' found.

(/usr/local/texlive/2015/texmf-dist/tex/latex/biblatex/blx-dm.def)
Package biblatex Info: Trying to load biblatex style data model...
Package biblatex Info: ... file 'ieee.dbx' not found.
Package biblatex Info: Trying to load biblatex custom data model...
Package biblatex Info: ... file 'biblatex-dm.cfg' not found.
\c@afterword=\count158
\c@savedafterword=\count159
\c@annotator=\count160
\c@savedannotator=\count161
\c@author=\count162
\c@savedauthor=\count163
\c@bookauthor=\count164
\c@savedbookauthor=\count165
\c@commentator=\count166
\c@savedcommentator=\count167
\c@editor=\count168
\c@savededitor=\count169
\c@editora=\count170
\c@savededitora=\count171
\c@editorb=\count172
\c@savededitorb=\count173
\c@editorc=\count174
\c@savededitorc=\count175
\c@foreword=\count176
\c@savedforeword=\count177
\c@holder=\count178
\c@savedholder=\count179
\c@introduction=\count180
\c@savedintroduction=\count181
\c@namea=\count182
\c@savednamea=\count183
\c@nameb=\count184
\c@savednameb=\count185
\c@namec=\count186
\c@savednamec=\count187
\c@translator=\count188
\c@savedtranslator=\count189
\c@shortauthor=\count190
\c@savedshortauthor=\count191
\c@shorteditor=\count192
\c@savedshorteditor=\count193
\c@labelname=\count194
\c@savedlabelname=\count195
\c@institution=\count196
\c@savedinstitution=\count197
\c@lista=\count198
\c@savedlista=\count199
\c@listb=\count200
\c@savedlistb=\count201
\c@listc=\count202
\c@savedlistc=\count203
\c@listd=\count204
\c@savedlistd=\count205
\c@liste=\count206
\c@savedliste=\count207
\c@listf=\count208
\c@savedlistf=\count209
\c@location=\count210
\c@savedlocation=\count211
\c@organization=\count212
\c@savedorganization=\count213
\c@origlocation=\count214
\c@savedoriglocation=\count215
\c@origpublisher=\count216
\c@savedorigpublisher=\count217
\c@publisher=\count218
\c@savedpublisher=\count219
\c@language=\count220
\c@savedlanguage=\count221
\c@pageref=\count222
\c@savedpageref=\count223
\shorthandwidth=\skip61
\shortjournalwidth=\skip62
\shortserieswidth=\skip63
\shorttitlewidth=\skip64
\shortauthorwidth=\skip65
\shorteditorwidth=\skip66
Package biblatex Info: Trying to load compatibility code...
Package biblatex Info: ... file 'blx-compat.def' found.

(/usr/local/texlive/2015/texmf-dist/tex/latex/biblatex/blx-compat.def
File: blx-compat.def 2015/04/19 v3.0 biblatex compatibility (PK/JW/AB)
)
Package biblatex Info: Trying to load generic definitions...
Package biblatex Info: ... file 'biblatex.def' found.

(/usr/local/texlive/2015/texmf-dist/tex/latex/biblatex/biblatex.def
File: biblatex.def 
\c@textcitecount=\count224
\c@textcitetotal=\count225
\c@textcitemaxnames=\count226
\c@biburlnumpenalty=\count227
\c@biburlucpenalty=\count228
\c@biburllcpenalty=\count229
\c@smartand=\count230
)
Package biblatex Info: Trying to load bibliography style 'ieee'...
Package biblatex Info: ... file 'ieee.bbx' found.

(/usr/local/texlive/2015/texmf-dist/tex/latex/biblatex-ieee/ieee.bbx
File: ieee.bbx 2015/03/12 v1.1k biblatex bibliography style
Package biblatex Info: Trying to load bibliography style 'numeric-comp'...
Package biblatex Info: ... file 'numeric-comp.bbx' found.

(/usr/local/texlive/2015/texmf-dist/tex/latex/biblatex/bbx/numeric-comp.bbx
File: numeric-comp.bbx 2015/04/19 v3.0 biblatex bibliography style (PK/JW/AB)
Package biblatex Info: Trying to load bibliography style 'numeric'...
Package biblatex Info: ... file 'numeric.bbx' found.

(/usr/local/texlive/2015/texmf-dist/tex/latex/biblatex/bbx/numeric.bbx
File: numeric.bbx 2015/04/19 v3.0 biblatex bibliography style (PK/JW/AB)
Package biblatex Info: Trying to load bibliography style 'standard'...
Package biblatex Info: ... file 'standard.bbx' found.

(/usr/local/texlive/2015/texmf-dist/tex/latex/biblatex/bbx/standard.bbx
File: standard.bbx 2015/04/19 v3.0 biblatex bibliography style (PK/JW/AB)
\c@bbx:relatedcount=\count231
\c@bbx:relatedtotal=\count232
))))
Package biblatex Info: Trying to load citation style 'ieee'...
Package biblatex Info: ... file 'ieee.cbx' found.

(/usr/local/texlive/2015/texmf-dist/tex/latex/biblatex-ieee/ieee.cbx
File: ieee.cbx 2015/03/12 v1.1k biblatex citation style
Package biblatex Info: Trying to load citation style 'numeric-comp'...
Package biblatex Info: ... file 'numeric-comp.cbx' found.

(/usr/local/texlive/2015/texmf-dist/tex/latex/biblatex/cbx/numeric-comp.cbx
File: numeric-comp.cbx 2015/04/19 v3.0 biblatex citation style (PK/JW/AB)
\c@cbx@tempcnta=\count233
\c@cbx@tempcntb=\count266
Package biblatex Info: Redefining '\cite'.
Package biblatex Info: Redefining '\parencite'.
Package biblatex Info: Redefining '\footcite'.
Package biblatex Info: Redefining '\footcitetext'.
Package biblatex Info: Redefining '\smartcite'.
Package biblatex Info: Redefining '\supercite'.
Package biblatex Info: Redefining '\textcite'.
Package biblatex Info: Redefining '\textcites'.
Package biblatex Info: Redefining '\cites'.
Package biblatex Info: Redefining '\parencites'.
Package biblatex Info: Redefining '\smartcites'.
)
Package biblatex Info: Redefining '\cite'.
Package biblatex Info: Redefining '\cites'.
)
Package biblatex Info: Trying to load configuration file...
Package biblatex Info: ... file 'biblatex.cfg' found.

(/usr/local/texlive/2015/texmf-dist/tex/latex/biblatex/biblatex.cfg
File: biblatex.cfg 
)))
(/usr/local/texlive/2015/texmf-dist/tex/latex/multirow/multirow.sty
\bigstrutjot=\dimen123
)
(/usr/local/texlive/2015/texmf-dist/tex/latex/float/float.sty
Package: float 2001/11/08 v1.3d Float enhancements (AL)
\c@float@type=\count267
\float@exts=\toks23
\float@box=\box29
\@float@everytoks=\toks24
\@floatcapt=\box30
)
(/usr/local/texlive/2015/texmf-dist/tex/latex/tablefootnote/tablefootnote.sty
Package: tablefootnote 2014/01/26 v1.1c Table foot notes (HMM)

(/usr/local/texlive/2015/texmf-dist/tex/latex/xifthen/xifthen.sty
Package: xifthen 2009/04/17 v1.3 Extended ifthen features

(/usr/local/texlive/2015/texmf-dist/tex/latex/etex-pkg/etex.sty
Package: etex 2015/03/02 v2.1 eTeX basic definition package (PEB,DPC)
\et@xins=\count268
)
(/usr/local/texlive/2015/texmf-dist/tex/latex/tools/calc.sty
Package: calc 2014/10/28 v4.3 Infix arithmetic (KKT,FJ)
Normal \count register pool exhausted, switching to extended pool.
\calc@Acount=\count277
\calc@Bcount=\count278
\calc@Adimen=\dimen124
\calc@Bdimen=\dimen125
\calc@Askip=\skip67
\calc@Bskip=\skip68
LaTeX Info: Redefining \setlength on input line 80.
LaTeX Info: Redefining \addtolength on input line 81.
\calc@Ccount=\count279
\calc@Cskip=\skip69
)
(/usr/local/texlive/2015/texmf-dist/tex/latex/ifmtarg/ifmtarg.sty
Package: ifmtarg 2009/09/02 v1.2a check for an empty argument
)))
(/usr/local/texlive/2015/texmf-dist/tex/latex/caption/caption.sty
Package: caption 2013/05/02 v3.3-89 Customizing captions (AR)

(/usr/local/texlive/2015/texmf-dist/tex/latex/caption/caption3.sty
Package: caption3 2013/05/02 v1.6-88 caption3 kernel (AR)
Package caption3 Info: TeX engine: e-TeX on input line 57.
\captionmargin=\dimen126
\captionmargin@=\dimen127
\captionwidth=\dimen128
\caption@tempdima=\dimen129
\caption@indent=\dimen130
\caption@parindent=\dimen131
\caption@hangindent=\dimen132
)
\c@ContinuedFloat=\count280
Package caption Info: float package is loaded.
Package caption Info: hyperref package is loaded.
Package caption Info: listings package is loaded.
Package caption Info: wrapfig package is loaded.
)
(/usr/local/texlive/2015/texmf-dist/tex/latex/caption/subcaption.sty
Package: subcaption 2013/02/03 v1.1-62 Sub-captions (AR)
\c@subfigure=\count281
\c@subtable=\count282
)
(/usr/local/texlive/2015/texmf-dist/tex/latex/base/fontenc.sty
Package: fontenc 2005/09/27 v1.99g Standard LaTeX package

(/usr/local/texlive/2015/texmf-dist/tex/latex/base/t1enc.def
File: t1enc.def 2005/09/27 v1.99g Standard LaTeX file
LaTeX Font Info:    Redeclaring font encoding T1 on input line 48.
))
(/usr/local/texlive/2015/texmf-dist/tex/latex/psnfss/mathpazo.sty
Package: mathpazo 2005/04/12 PSNFSS-v9.2a Palatino w/ Pazo Math (D.Puga, WaS) 
\symupright=\mathgroup4
)
(/usr/local/texlive/2015/texmf-dist/tex/latex/psnfss/courier.sty
Package: courier 2005/04/12 PSNFSS-v9.2a (WaS) 
)
(/usr/local/texlive/2015/texmf-dist/tex/latex/attachfile/attachfile.sty
Package: attachfile 2015/04/04 v1.6 PDF 1.3+ file attachment
\c@atfi@tmp=\count283
\atfi@appearancewidth=\skip70
\atfi@appearanceheight=\skip71
\atfi@appearancedepth=\skip72
\atfi@appearancebox=\box31
)
(/usr/local/texlive/2015/texmf-dist/tex/latex/enumitem/enumitem.sty
Package: enumitem 2011/09/28 v3.5.2 Customized lists
\labelindent=\skip73
\enit@outerparindent=\dimen133
\enit@toks=\toks25
\enit@inbox=\box32
\enitdp@description=\count284
)
(/usr/local/texlive/2015/texmf-dist/tex/latex/titlesec/titlesec.sty
Package: titlesec 2011/12/15 v2.10.0 Sectioning titles
\ttl@box=\box33
\beforetitleunit=\skip74
\aftertitleunit=\skip75
\ttl@plus=\dimen134
\ttl@minus=\dimen135
\ttl@toksa=\toks26
\titlewidth=\dimen136
\titlewidthlast=\dimen137
\titlewidthfirst=\dimen138
))
Package biblatex Info: Trying to load language 'english'...
Package biblatex Info: ... file 'english.lbx' found.

(/usr/local/texlive/2015/texmf-dist/tex/latex/biblatex/lbx/english.lbx
File: english.lbx 2015/04/19 v3.0 biblatex localization (PK/JW/AB)
)
\@quotelevel=\count285
\@quotereset=\count286

(./main.aux

LaTeX Warning: Label `materialTable' multiply defined.

)
\openout1 = `main.aux'.

LaTeX Font Info:    Checking defaults for OML/cmm/m/it on input line 25.
LaTeX Font Info:    ... okay on input line 25.
LaTeX Font Info:    Checking defaults for T1/cmr/m/n on input line 25.
LaTeX Font Info:    ... okay on input line 25.
LaTeX Font Info:    Checking defaults for OT1/cmr/m/n on input line 25.
LaTeX Font Info:    ... okay on input line 25.
LaTeX Font Info:    Checking defaults for OMS/cmsy/m/n on input line 25.
LaTeX Font Info:    ... okay on input line 25.
LaTeX Font Info:    Checking defaults for OMX/cmex/m/n on input line 25.
LaTeX Font Info:    ... okay on input line 25.
LaTeX Font Info:    Checking defaults for U/cmr/m/n on input line 25.
LaTeX Font Info:    ... okay on input line 25.
LaTeX Font Info:    Checking defaults for PD1/pdf/m/n on input line 25.
LaTeX Font Info:    ... okay on input line 25.
LaTeX Font Info:    Checking defaults for TS1/cmr/m/n on input line 25.
LaTeX Font Info:    Try loading font information for TS1+cmr on input line 25.
 (/usr/local/texlive/2015/texmf-dist/tex/latex/base/ts1cmr.fd
File: ts1cmr.fd 2014/09/29 v2.5h Standard LaTeX font definitions
)
LaTeX Font Info:    ... okay on input line 25.
LaTeX Font Info:    Try loading font information for T1+ppl on input line 25.

(/usr/local/texlive/2015/texmf-dist/tex/latex/psnfss/t1ppl.fd
File: t1ppl.fd 2001/06/04 font definitions for T1/ppl.
)
*geometry* driver: auto-detecting
*geometry* detected driver: pdftex
*geometry* verbose mode - [ preamble ] result:
* driver: pdftex
* paper: a4paper
* layout: <same size as paper>
* layoutoffset:(h,v)=(0.0pt,0.0pt)
* modes: 
* h-part:(L,W,R)=(85.35826pt, 426.79134pt, 85.35828pt)
* v-part:(T,H,B)=(77.84674pt, 650.43pt, 116.77011pt)
* \paperwidth=597.50787pt
* \paperheight=845.04684pt
* \textwidth=426.79134pt
* \textheight=650.43pt
* \oddsidemargin=13.08827pt
* \evensidemargin=13.08827pt
* \topmargin=-31.42325pt
* \headheight=12.0pt
* \headsep=25.0pt
* \topskip=10.0pt
* \footskip=30.0pt
* \marginparwidth=65.0pt
* \marginparsep=11.0pt
* \columnsep=10.0pt
* \skip\footins=9.0pt plus 4.0pt minus 2.0pt
* \hoffset=0.0pt
* \voffset=0.0pt
* \mag=1000
* \@twocolumnfalse
* \@twosidefalse
* \@mparswitchfalse
* \@reversemarginfalse
* (1in=72.27pt=25.4mm, 1cm=28.453pt)

(/usr/local/texlive/2015/texmf-dist/tex/context/base/supp-pdf.mkii
[Loading MPS to PDF converter (version 2006.09.02).]
\scratchcounter=\count287
\scratchdimen=\dimen139
\scratchbox=\box34
\nofMPsegments=\count288
\nofMParguments=\count289
\everyMPshowfont=\toks27
\MPscratchCnt=\count290
\MPscratchDim=\dimen140
\MPnumerator=\count291
\makeMPintoPDFobject=\count292
\everyMPtoPDFconversion=\toks28
) (/usr/local/texlive/2015/texmf-dist/tex/latex/oberdiek/epstopdf-base.sty
Package: epstopdf-base 2010/02/09 v2.5 Base part for package epstopdf

(/usr/local/texlive/2015/texmf-dist/tex/latex/oberdiek/grfext.sty
Package: grfext 2010/08/19 v1.1 Manage graphics extensions (HO)
)
Package grfext Info: Graphics extension search list:
(grfext)             [.png,.pdf,.jpg,.mps,.jpeg,.jbig2,.jb2,.PNG,.PDF,.JPG,.JPE
G,.JBIG2,.JB2,.eps]
(grfext)             \AppendGraphicsExtensions on input line 452.

(/usr/local/texlive/2015/texmf-dist/tex/latex/latexconfig/epstopdf-sys.cfg
File: epstopdf-sys.cfg 2010/07/13 v1.3 Configuration of (r)epstopdf for TeX Liv
e
))
\AtBeginShipoutBox=\box35
Package hyperref Info: Link coloring ON on input line 25.

(/usr/local/texlive/2015/texmf-dist/tex/latex/hyperref/nameref.sty
Package: nameref 2012/10/27 v2.43 Cross-referencing by name of section

(/usr/local/texlive/2015/texmf-dist/tex/generic/oberdiek/gettitlestring.sty
Package: gettitlestring 2010/12/03 v1.4 Cleanup title references (HO)
)
\c@section@level=\count293
)
LaTeX Info: Redefining \ref on input line 25.
LaTeX Info: Redefining \pageref on input line 25.
LaTeX Info: Redefining \nameref on input line 25.

(./main.out) (./main.out)
\@outlinefile=\write5
\openout5 = `main.out'.

\c@lstlisting=\count294
Package biblatex Info: Input encoding 'utf8' detected.
Package biblatex Info: Automatic encoding selection.
(biblatex)             Assuming data encoding 'utf8'.
\openout4 = `main.bcf'.

Package biblatex Info: Trying to load bibliographic data...
Package biblatex Info: ... file 'main.bbl' found.
 (./main.bbl

Package biblatex Warning: Biber reported the following issues
(biblatex)                with 'dewalt':
(biblatex)                - Datamodel: Entry 'dewalt' (thesis.bib): Invalid for
mat '' of date field 'date' - ignoring.


Package biblatex Warning: Biber reported the following issues
(biblatex)                with 'odeonEmail':
(biblatex)                - Datamodel: Entry 'odeonEmail' (thesis.bib): Invalid
 format '22' of date field 'date' - ignoring.


Package biblatex Warning: Biber reported the following issues
(biblatex)                with 'genelec':
(biblatex)                - Datamodel: Entry 'genelec' (thesis.bib): Invalid fo
rmat '' of date field 'date' - ignoring.


Package biblatex Warning: The following entry could not be found
(biblatex)                in the database:
(biblatex)                soundFieldMic
(biblatex)                Please verify the spelling and rerun
(biblatex)                LaTeX afterwards.

)
Package biblatex Info: Reference section=0 on input line 25.
Package biblatex Info: Reference segment=0 on input line 25.
Package caption Info: Begin \AtBeginDocument code.
Package caption Info: End \AtBeginDocument code.
\big@size=\dimen141
LaTeX Font Info:    Font shape `T1/ppl/bx/n' in size <10> not available
(Font)              Font shape `T1/ppl/b/n' tried instead on input line 29.
 (./main.toc
LaTeX Font Info:    Try loading font information for OT1+ppl on input line 7.
 (/usr/local/texlive/2015/texmf-dist/tex/latex/psnfss/ot1ppl.fd
File: ot1ppl.fd 2001/06/04 font definitions for OT1/ppl.
)
LaTeX Font Info:    Try loading font information for OML+zplm on input line 7.

(/usr/local/texlive/2015/texmf-dist/tex/latex/psnfss/omlzplm.fd
File: omlzplm.fd 2002/09/08 Fontinst v1.914 font definitions for OML/zplm.
)
LaTeX Font Info:    Try loading font information for OMS+zplm on input line 7.

(/usr/local/texlive/2015/texmf-dist/tex/latex/psnfss/omszplm.fd
File: omszplm.fd 2002/09/08 Fontinst v1.914 font definitions for OMS/zplm.
)
LaTeX Font Info:    Try loading font information for OMX+zplm on input line 7.

(/usr/local/texlive/2015/texmf-dist/tex/latex/psnfss/omxzplm.fd
File: omxzplm.fd 2002/09/08 Fontinst v1.914 font definitions for OMX/zplm.
)
LaTeX Font Info:    Try loading font information for OT1+zplm on input line 7.

(/usr/local/texlive/2015/texmf-dist/tex/latex/psnfss/ot1zplm.fd
File: ot1zplm.fd 2002/09/08 Fontinst v1.914 font definitions for OT1/zplm.
) [1{/usr/local/texlive/2015/texmf-var/fonts/map/pdftex/updmap/pdftex.map}

] [2])
\tf@toc=\write6
\openout6 = `main.toc'.

 [3]
(./Sections/Background/Background.tex
Package acronym Info: Label `acro:VAE' newly defined as it shall be overridden
although it is yet undefined on input line 47.
 [4]
Package acronym Info: Label `acro:RIR' newly defined as it shall be overridden
although it is yet undefined on input line 49.

<Sections/Background/images/soudFieldMic.jpg, id=424, 440.64626pt x 702.625pt>
File: Sections/Background/images/soudFieldMic.jpg Graphic file (type jpg)

<use Sections/Background/images/soudFieldMic.jpg>
Package pdftex.def Info: Sections/Background/images/soudFieldMic.jpg used on in
put line 79.
(pdftex.def)             Requested size: 88.12769pt x 140.5225pt.

<Sections/Background/images/soundFieldPolar.jpg, id=425, 702.625pt x 588.1975pt
>
File: Sections/Background/images/soundFieldPolar.jpg Graphic file (type jpg)
 <use Sections/Background/images/soundFieldPolar.jpg>
Package pdftex.def Info: Sections/Background/images/soundFieldPolar.jpg used on
 input line 82.
(pdftex.def)             Requested size: 210.78912pt x 176.4606pt.

Overfull \hbox (1.90001pt too wide) in paragraph at lines 78--84
[]$[]$ $[]$ 
 []

[5]
Package acronym Info: Label `acro:ISM' newly defined as it shall be overridden
although it is yet undefined on input line 94.
 [6 <./Sections/Background/images/soudFieldMic.jpg> <./Sections/Background/imag
es/soundFieldPolar.jpg>]
Overfull \hbox (0.92375pt too wide) in paragraph at lines 109--110
\T1/ppl/m/n/10 the im-age sources that have been pro-duced can be seen by the r
e-ceiver, there-fore check-ing whether
 []

<Sections/Background/images/ISM.png, id=454, 556.479pt x 571.1739pt>
File: Sections/Background/images/ISM.png Graphic file (type png)

<use Sections/Background/images/ISM.png>
Package pdftex.def Info: Sections/Background/images/ISM.png used on input line 
113.
(pdftex.def)             Requested size: 166.94498pt x 171.35349pt.
 [7 <./Sections/Background/images/ISM.png>]
Package acronym Info: Label `acro:TO' newly defined as it shall be overridden
although it is yet undefined on input line 123.
 [8]
Package acronym Info: Label `acro:VSS' newly defined as it shall be overridden
although it is yet undefined on input line 163.


LaTeX Warning: Reference `vssDiagram' on page 9 undefined on input line 163.

[9] [10]
Underfull \hbox (badness 10000) in paragraph at lines 203--204

 []


Underfull \hbox (badness 10000) in paragraph at lines 204--205

 []


Underfull \hbox (badness 10000) in paragraph at lines 205--206

 []


Underfull \hbox (badness 10000) in paragraph at lines 206--207

 []


Underfull \hbox (badness 10000) in paragraph at lines 207--208

 []


Underfull \hbox (badness 10000) in paragraph at lines 208--209

 []

LaTeX Font Info:    Try loading font information for TS1+ppl on input line 211.

(/usr/local/texlive/2015/texmf-dist/tex/latex/psnfss/ts1ppl.fd
File: ts1ppl.fd 2001/06/04 font definitions for TS1/ppl.
)
Underfull \hbox (badness 10000) in paragraph at lines 211--212

 []


Underfull \hbox (badness 10000) in paragraph at lines 212--213

 []


Underfull \hbox (badness 10000) in paragraph at lines 213--214

 []

[11]) (./Sections/Implementation/Modelling/Modelling.tex [12]
<Sections/Implementation/Modelling/images/sku1.png, id=557, 1927.2pt x 1084.05p
t>
File: Sections/Implementation/Modelling/images/sku1.png Graphic file (type png)

 <use Sections/Implementation/Modelling/images/sku1.png>
Package pdftex.def Info: Sections/Implementation/Modelling/images/sku1.png used
 on input line 24.
(pdftex.def)             Requested size: 385.43318pt x 216.80615pt.
 [13 <./Sections/Implementation/Modelling/images/sku1.png>]
Underfull \hbox (badness 10000) in paragraph at lines 36--37

 []


<Sections/Implementation/Modelling/images/lights2.png, id=572, 992.20688pt x 50
2.87875pt>
File: Sections/Implementation/Modelling/images/lights2.png Graphic file (type p
ng)
 <use Sections/Implementation/Modelling/images/lights2.png>
Package pdftex.def Info: Sections/Implementation/Modelling/images/lights2.png u
sed on input line 50.
(pdftex.def)             Requested size: 248.05112pt x 125.71938pt.

<Sections/Implementation/Modelling/images/projector1.png, id=573, 606.265pt x 7
10.655pt>
File: Sections/Implementation/Modelling/images/projector1.png Graphic file (typ
e png)
 <use Sections/Implementation/Modelling/images/projector1.png>
Package pdftex.def Info: Sections/Implementation/Modelling/images/projector1.pn
g used on input line 55.
(pdftex.def)             Requested size: 151.56587pt x 177.66331pt.

<Sections/Implementation/Modelling/images/concave1.png, id=574, 858.70813pt x 4
41.65pt>
File: Sections/Implementation/Modelling/images/concave1.png Graphic file (type 
png)
 <use Sections/Implementation/Modelling/images/concave1.png>
Package pdftex.def Info: Sections/Implementation/Modelling/images/concave1.png 
used on input line 60.
(pdftex.def)             Requested size: 214.6765pt x 110.41222pt.

Overfull \hbox (80.99867pt too wide) in paragraph at lines 48--63
[][] []
 []


<Sections/Implementation/Modelling/images/lightsSimple.png, id=575, 1242.6425pt
 x 617.30624pt>
File: Sections/Implementation/Modelling/images/lightsSimple.png Graphic file (t
ype png)

<use Sections/Implementation/Modelling/images/lightsSimple.png>
Package pdftex.def Info: Sections/Implementation/Modelling/images/lightsSimple.
png used on input line 72.
(pdftex.def)             Requested size: 310.65987pt x 154.32617pt.

Overfull \hbox (21.57988pt too wide) in paragraph at lines 72--73
 [][] 
 []


<Sections/Implementation/Modelling/images/projectorSimple.png, id=576, 749.8012
5pt x 815.045pt>
File: Sections/Implementation/Modelling/images/projectorSimple.png Graphic file
 (type png)

<use Sections/Implementation/Modelling/images/projectorSimple.png>
Package pdftex.def Info: Sections/Implementation/Modelling/images/projectorSimp
le.png used on input line 77.
(pdftex.def)             Requested size: 187.44984pt x 203.76074pt.

<Sections/Implementation/Modelling/images/concaveSimple.png, id=577, 1258.7025p
t x 580.1675pt>
File: Sections/Implementation/Modelling/images/concaveSimple.png Graphic file (
type png)

<use Sections/Implementation/Modelling/images/concaveSimple.png>
Package pdftex.def Info: Sections/Implementation/Modelling/images/concaveSimple
.png used on input line 82.
(pdftex.def)             Requested size: 314.67485pt x 145.0415pt.

Overfull \hbox (97.86485pt too wide) in paragraph at lines 82--83
 [][] 
 []


Overfull \hbox (80.99867pt too wide) in paragraph at lines 70--85
[][] []
 []


<Sections/Implementation/Modelling/images/realVsSku/roofSku.png, id=578, 1445.4
pt x 903.375pt>
File: Sections/Implementation/Modelling/images/realVsSku/roofSku.png Graphic fi
le (type png)

<use Sections/Implementation/Modelling/images/realVsSku/roofSku.png>
Package pdftex.def Info: Sections/Implementation/Modelling/images/realVsSku/roo
fSku.png used on input line 90.
(pdftex.def)             Requested size: 433.62335pt x 271.01459pt.

Overfull \hbox (6.83202pt too wide) in paragraph at lines 90--91
 [] 
 []


<Sections/Implementation/Modelling/images/HHroof.jpg, id=579, 3276.24pt x 2154.
0475pt>
File: Sections/Implementation/Modelling/images/HHroof.jpg Graphic file (type jp
g)
 <use Sections/Implementation/Modelling/images/HHroof.jpg>
Package pdftex.def Info: Sections/Implementation/Modelling/images/HHroof.jpg us
ed on input line 91.
(pdftex.def)             Requested size: 425.92616pt x 280.03601pt.
)
(./Sections/Implementation/Odeon/Odeon.tex [14 <./Sections/Implementation/Model
ling/images/lights2.png> <./Sections/Implementation/Modelling/images/projector1
.png> <./Sections/Implementation/Modelling/images/concave1.png>]
<Sections/Implementation/Odeon/images/OdeonRays/waterTight2.PNG, id=591, 1445.4
pt x 788.9475pt>
File: Sections/Implementation/Odeon/images/OdeonRays/waterTight2.PNG Graphic fi
le (type png)

<use Sections/Implementation/Odeon/images/OdeonRays/waterTight2.PNG>
Package pdftex.def Info: Sections/Implementation/Odeon/images/OdeonRays/waterTi
ght2.PNG used on input line 14.
(pdftex.def)             Requested size: 433.62335pt x 236.68607pt.

Overfull \hbox (6.83202pt too wide) in paragraph at lines 14--15
 [] 
 []

[15 <./Sections/Implementation/Modelling/images/lightsSimple.png> <./Sections/I
mplementation/Modelling/images/projectorSimple.png> <./Sections/Implementation/
Modelling/images/concaveSimple.png>] [16 <./Sections/Implementation/Odeon/image
s/OdeonRays/waterTight2.PNG>]
<Sections/Implementation/Odeon/images/Absorption.PNG, id=612, 461.47406pt x 299
.61937pt>
File: Sections/Implementation/Odeon/images/Absorption.PNG Graphic file (type pn
g)
 <use Sections/Implementation/Odeon/images/Absorption.PNG>
Package pdftex.def Info: Sections/Implementation/Odeon/images/Absorption.PNG us
ed on input line 45.
(pdftex.def)             Requested size: 276.88655pt x 179.77301pt.

<Sections/Implementation/Odeon/images/seating.jpg, id=616, 3276.24pt x 1652.172
5pt>
File: Sections/Implementation/Odeon/images/seating.jpg Graphic file (type jpg)
 <use Sections/Implementation/Odeon/images/seating.jpg>
Package pdftex.def Info: Sections/Implementation/Odeon/images/seating.jpg used 
on input line 57.
(pdftex.def)             Requested size: 393.13184pt x 198.25214pt.
 [17 <./Sections/Implementation/Odeon/images/Absorption.PNG>]
<Sections/Implementation/Odeon/images/OdeonRays/transparencyEdit/singleRay2_edi
t3.PNG, id=628, 187.45032pt x 292.84406pt>
File: Sections/Implementation/Odeon/images/OdeonRays/transparencyEdit/singleRay
2_edit3.PNG Graphic file (type png)

<use Sections/Implementation/Odeon/images/OdeonRays/transparencyEdit/singleRay2
_edit3.PNG>
Package pdftex.def Info: Sections/Implementation/Odeon/images/OdeonRays/transpa
rencyEdit/singleRay2_edit3.PNG used on input line 64.
(pdftex.def)             Requested size: 131.21431pt x 204.98944pt.

<Sections/Implementation/Odeon/images/scatteringCoefficients.png, id=632, 1260.
71pt x 338.26375pt>
File: Sections/Implementation/Odeon/images/scatteringCoefficients.png Graphic f
ile (type png)

<use Sections/Implementation/Odeon/images/scatteringCoefficients.png>
Package pdftex.def Info: Sections/Implementation/Odeon/images/scatteringCoeffic
ients.png used on input line 73.
(pdftex.def)             Requested size: 378.21593pt x 101.4799pt.
 [18 <./Sections/Implementation/Odeon/images/seating.jpg> <./Sections/Implement
ation/Odeon/images/OdeonRays/transparencyEdit/singleRay2_edit3.PNG>]
<Sections/Implementation/Odeon/images/MaterialCompare/OriginalMaterials/origina
l.png, id=648, 1114.1625pt x 716.6775pt>
File: Sections/Implementation/Odeon/images/MaterialCompare/OriginalMaterials/or
iginal.png Graphic file (type png)

<use Sections/Implementation/Odeon/images/MaterialCompare/OriginalMaterials/ori
ginal.png>
Package pdftex.def Info: Sections/Implementation/Odeon/images/MaterialCompare/O
riginalMaterials/original.png used on input line 84.
(pdftex.def)             Requested size: 334.25133pt x 215.00491pt.
 [19 <./Sections/Implementation/Odeon/images/scatteringCoefficients.png> <./Sec
tions/Implementation/Odeon/images/MaterialCompare/OriginalMaterials/original.pn
g>]

LaTeX Warning: Reference `SoftwareOdon' on page 20 undefined on input line 115.



<Sections/Implementation/Odeon/images/MaterialCompare/OriginalMaterials/all.png
, id=676, 1118.1775pt x 708.6475pt>
File: Sections/Implementation/Odeon/images/MaterialCompare/OriginalMaterials/al
l.png Graphic file (type png)

<use Sections/Implementation/Odeon/images/MaterialCompare/OriginalMaterials/all
.png>
Package pdftex.def Info: Sections/Implementation/Odeon/images/MaterialCompare/O
riginalMaterials/all.png used on input line 123.
(pdftex.def)             Requested size: 447.26308pt x 283.45398pt.

Overfull \hbox (20.47174pt too wide) in paragraph at lines 123--124
 [] 
 []

[20]
<Sections/Implementation/Odeon/images/MaterialCompare/OriginalMaterials/new.png
, id=689, 1124.2pt x 667.49374pt>
File: Sections/Implementation/Odeon/images/MaterialCompare/OriginalMaterials/ne
w.png Graphic file (type png)

<use Sections/Implementation/Odeon/images/MaterialCompare/OriginalMaterials/new
.png>
Package pdftex.def Info: Sections/Implementation/Odeon/images/MaterialCompare/O
riginalMaterials/new.png used on input line 130.
(pdftex.def)             Requested size: 337.2626pt x 200.24966pt.
LaTeX Font Info:    Try loading font information for T1+pcr on input line 135.
 (/usr/local/texlive/2015/texmf-dist/tex/latex/psnfss/t1pcr.fd
File: t1pcr.fd 2001/06/04 font definitions for T1/pcr.
) [21 <./Sections/Implementation/Odeon/images/MaterialCompare/OriginalMaterials
/all.png> <./Sections/Implementation/Odeon/images/MaterialCompare/OriginalMater
ials/new.png>]
<Sections/Implementation/Odeon/images/MaterialCompare/NewMaterials/newOdeonComp
arison.png, id=709, 1129.21875pt x 716.6775pt>
File: Sections/Implementation/Odeon/images/MaterialCompare/NewMaterials/newOdeo
nComparison.png Graphic file (type png)

<use Sections/Implementation/Odeon/images/MaterialCompare/NewMaterials/newOdeon
Comparison.png>
Package pdftex.def Info: Sections/Implementation/Odeon/images/MaterialCompare/N
ewMaterials/newOdeonComparison.png used on input line 142.
(pdftex.def)             Requested size: 451.6795pt x 286.66592pt.

Overfull \hbox (24.88817pt too wide) in paragraph at lines 142--143
 [] 
 []

[22 <./Sections/Implementation/Odeon/images/MaterialCompare/NewMaterials/newOde
onComparison.png>]
Package acronym Info: Label `acro:VBS' newly defined as it shall be overridden
although it is yet undefined on input line 173.
Package acronym Info: Label `acro:LR's' newly defined as it shall be overridden

although it is yet undefined on input line 177.

<Sections/Implementation/Odeon/images/OdeonSettings/settingsFigure_edit.png, id
=748, 1190.4475pt x 697.60625pt>
File: Sections/Implementation/Odeon/images/OdeonSettings/settingsFigure_edit.pn
g Graphic file (type png)

<use Sections/Implementation/Odeon/images/OdeonSettings/settingsFigure_edit.png
>
Package pdftex.def Info: Sections/Implementation/Odeon/images/OdeonSettings/set
tingsFigure_edit.png used on input line 200.
(pdftex.def)             Requested size: 476.17056pt x 279.03755pt.

Overfull \hbox (49.37923pt too wide) in paragraph at lines 200--201
 [] 
 []


<Sections/Implementation/Odeon/images/OdeonSettings/settingsFigureZoomed.png, i
d=753, 1561.835pt x 863.225pt>
File: Sections/Implementation/Odeon/images/OdeonSettings/settingsFigureZoomed.p
ng Graphic file (type png)

<use Sections/Implementation/Odeon/images/OdeonSettings/settingsFigureZoomed.pn
g>
Package pdftex.def Info: Sections/Implementation/Odeon/images/OdeonSettings/set
tingsFigureZoomed.png used on input line 206.
(pdftex.def)             Requested size: 468.55412pt x 258.9695pt.

Overfull \hbox (41.76279pt too wide) in paragraph at lines 206--207
 [] 
 []

[23] [24 <./Sections/Implementation/Odeon/images/OdeonSettings/settingsFigure_e
dit.png>]
<Sections/Implementation/Odeon/images/OdeonSettings/settingsFigure_TOZoom.png, 
id=767, 1575.8875pt x 855.195pt>
File: Sections/Implementation/Odeon/images/OdeonSettings/settingsFigure_TOZoom.
png Graphic file (type png)

<use Sections/Implementation/Odeon/images/OdeonSettings/settingsFigure_TOZoom.p
ng>
Package pdftex.def Info: Sections/Implementation/Odeon/images/OdeonSettings/set
tingsFigure_TOZoom.png used on input line 213.
(pdftex.def)             Requested size: 472.7699pt x 256.56049pt.

Overfull \hbox (45.97856pt too wide) in paragraph at lines 213--214
 [] 
 []

[25 <./Sections/Implementation/Odeon/images/OdeonSettings/settingsFigureZoomed.
png> <./Sections/Implementation/Odeon/images/OdeonSettings/settingsFigure_TOZoo
m.png>] [26]
<Sections/Implementation/Odeon/images/Directivity/DirectivityPattern.png, id=81
9, 1445.4pt x 788.9475pt>
File: Sections/Implementation/Odeon/images/Directivity/DirectivityPattern.png G
raphic file (type png)

<use Sections/Implementation/Odeon/images/Directivity/DirectivityPattern.png>
Package pdftex.def Info: Sections/Implementation/Odeon/images/Directivity/Direc
tivityPattern.png used on input line 258.
(pdftex.def)             Requested size: 433.62335pt x 236.68607pt.

Overfull \hbox (6.83202pt too wide) in paragraph at lines 258--259
 [] 
 []


LaTeX Warning: Reference `incorrectRIR_3' on page 27 undefined on input line 26
9.

[27 <./Sections/Implementation/Odeon/images/Directivity/DirectivityPattern.png>
]
<Sections/Implementation/Odeon/images/incorrectRIR/RIR_76_incorrect_edit.png, i
d=835, 1590.94376pt x 886.31125pt>
File: Sections/Implementation/Odeon/images/incorrectRIR/RIR_76_incorrect_edit.p
ng Graphic file (type png)

<use Sections/Implementation/Odeon/images/incorrectRIR/RIR_76_incorrect_edit.pn
g>
Package pdftex.def Info: Sections/Implementation/Odeon/images/incorrectRIR/RIR_
76_incorrect_edit.png used on input line 276.
(pdftex.def)             Requested size: 477.2868pt x 265.89542pt.

Overfull \hbox (50.49547pt too wide) in paragraph at lines 276--277
 [] 
 []


<Sections/Implementation/Odeon/images/incorrectRIR/RIR_76_incorrect_edit_crop.p
ng, id=843, 849.1725pt x 251.94125pt>
File: Sections/Implementation/Odeon/images/incorrectRIR/RIR_76_incorrect_edit_c
rop.png Graphic file (type png)

<use Sections/Implementation/Odeon/images/incorrectRIR/RIR_76_incorrect_edit_cr
op.png>
Package pdftex.def Info: Sections/Implementation/Odeon/images/incorrectRIR/RIR_
76_incorrect_edit_crop.png used on input line 285.
(pdftex.def)             Requested size: 424.5852pt x 125.9703pt.
 [28 <./Sections/Implementation/Odeon/images/incorrectRIR/RIR_76_incorrect_edit
.png>] [29 <./Sections/Implementation/Odeon/images/incorrectRIR/RIR_76_incorrec
t_edit_crop.png>] [30]
<Sections/Implementation/Odeon/images/incorrectRIR/HeightTest_Edit.png, id=884,
 1636.1125pt x 945.5325pt>
File: Sections/Implementation/Odeon/images/incorrectRIR/HeightTest_Edit.png Gra
phic file (type png)

<use Sections/Implementation/Odeon/images/incorrectRIR/HeightTest_Edit.png>
Package pdftex.def Info: Sections/Implementation/Odeon/images/incorrectRIR/Heig
htTest_Edit.png used on input line 377.
(pdftex.def)             Requested size: 490.83754pt x 283.66194pt.
LaTeX Font Info:    Font shape `T1/ppl/bx/it' in size <8> not available
(Font)              Font shape `T1/ppl/b/it' tried instead on input line 386.

[31 <./Sections/Implementation/Odeon/images/incorrectRIR/HeightTest_Edit.png>]
<Sections/Implementation/Odeon/images/incorrectRIR/76_60cm_editV2_crop.png, id=
905, 620.3175pt x 252.945pt>
File: Sections/Implementation/Odeon/images/incorrectRIR/76_60cm_editV2_crop.png
 Graphic file (type png)

<use Sections/Implementation/Odeon/images/incorrectRIR/76_60cm_editV2_crop.png>
Package pdftex.def Info: Sections/Implementation/Odeon/images/incorrectRIR/76_6
0cm_editV2_crop.png used on input line 395.
(pdftex.def)             Requested size: 372.19337pt x 151.76816pt.

<Sections/Implementation/Odeon/images/incorrectRIR/reflectionPaths_colourV1.png
, id=911, 2013.5225pt x 1478.52374pt>
File: Sections/Implementation/Odeon/images/incorrectRIR/reflectionPaths_colourV
1.png Graphic file (type png)

<use Sections/Implementation/Odeon/images/incorrectRIR/reflectionPaths_colourV1
.png>
Package pdftex.def Info: Sections/Implementation/Odeon/images/incorrectRIR/refl
ectionPaths_colourV1.png used on input line 416.
(pdftex.def)             Requested size: 503.3794pt x 369.63004pt.
 [32 <./Sections/Implementation/Odeon/images/incorrectRIR/76_60cm_editV2_crop.p
ng>] [33 <./Sections/Implementation/Odeon/images/incorrectRIR/reflectionPaths_c
olourV1.png>]
<Sections/Implementation/Odeon/images/RIRPositions/RIRPositionAnnotated.png, id
=936, 934.49126pt x 946.53625pt>
File: Sections/Implementation/Odeon/images/RIRPositions/RIRPositionAnnotated.pn
g Graphic file (type png)

<use Sections/Implementation/Odeon/images/RIRPositions/RIRPositionAnnotated.png
>
Package pdftex.def Info: Sections/Implementation/Odeon/images/RIRPositions/RIRP
ositionAnnotated.png used on input line 429.
(pdftex.def)             Requested size: 373.78989pt x 378.60779pt.


LaTeX Warning: Reference `latency' on page 34 undefined on input line 436.

[34 <./Sections/Implementation/Odeon/images/RIRPositions/RIRPositionAnnotated.p
ng>]
<Sections/Implementation/Odeon/images/RIRPositions/RIR_Position_Bulk.png, id=95
5, 934.49126pt x 946.53625pt>
File: Sections/Implementation/Odeon/images/RIRPositions/RIR_Position_Bulk.png G
raphic file (type png)

<use Sections/Implementation/Odeon/images/RIRPositions/RIR_Position_Bulk.png>
Package pdftex.def Info: Sections/Implementation/Odeon/images/RIRPositions/RIR_
Position_Bulk.png used on input line 442.
(pdftex.def)             Requested size: 373.78989pt x 378.60779pt.

[35 <./Sections/Implementation/Odeon/images/RIRPositions/RIR_Position_Bulk.png>
]
<Sections/Implementation/Odeon/images/SouRecPos/SouRecSelection_crop.png, id=97
1, 825.83531pt x 364.36125pt>
File: Sections/Implementation/Odeon/images/SouRecPos/SouRecSelection_crop.png G
raphic file (type png)

<use Sections/Implementation/Odeon/images/SouRecPos/SouRecSelection_crop.png>
Package pdftex.def Info: Sections/Implementation/Odeon/images/SouRecPos/SouRecS
election_crop.png used on input line 459.
(pdftex.def)             Requested size: 330.32828pt x 145.74191pt.
)
(./Sections/Implementation/Max/Max.tex [36 <./Sections/Implementation/Odeon/ima
ges/SouRecPos/SouRecSelection_crop.png>]
<Sections/Implementation/Max/images/Max/OriginalPatch_Edit.png, id=986, 1437.37
pt x 783.92876pt>
File: Sections/Implementation/Max/images/Max/OriginalPatch_Edit.png Graphic fil
e (type png)

<use Sections/Implementation/Max/images/Max/OriginalPatch_Edit.png>
Package pdftex.def Info: Sections/Implementation/Max/images/Max/OriginalPatch_E
dit.png used on input line 24.
(pdftex.def)             Requested size: 574.93782pt x 313.56595pt.
 [37 <./Sections/Implementation/Max/images/Max/OriginalPatch_Edit.png>]
<Sections/Implementation/Max/images/Max/MyPatch_Edit.png, id=1008, 1334.9875pt 
x 915.42pt>
File: Sections/Implementation/Max/images/Max/MyPatch_Edit.png Graphic file (typ
e png)
 <use Sections/Implementation/Max/images/Max/MyPatch_Edit.png>
Package pdftex.def Info: Sections/Implementation/Max/images/Max/MyPatch_Edit.pn
g used on input line 48.
(pdftex.def)             Requested size: 533.98555pt x 366.16151pt.

[38 <./Sections/Implementation/Max/images/Max/MyPatch_Edit.png>]
<Sections/Implementation/Max/images/FlowDiagrams/Max1_V2.png, id=1016, 803.0pt 
x 1199.48125pt>
File: Sections/Implementation/Max/images/FlowDiagrams/Max1_V2.png Graphic file 
(type png)

<use Sections/Implementation/Max/images/FlowDiagrams/Max1_V2.png>
Package pdftex.def Info: Sections/Implementation/Max/images/FlowDiagrams/Max1_V
2.png used on input line 67.
(pdftex.def)             Requested size: 240.90186pt x 359.84715pt.

<Sections/Implementation/Max/images/Max/lcd.png, id=1021, 690.58pt x 681.54625p
t>
File: Sections/Implementation/Max/images/Max/lcd.png Graphic file (type png)
 <use Sections/Implementation/Max/images/Max/lcd.png>
Package pdftex.def Info: Sections/Implementation/Max/images/Max/lcd.png used on
 input line 76.
(pdftex.def)             Requested size: 276.2271pt x 272.61366pt.
 [39 <./Sections/Implementation/Max/images/FlowDiagrams/Max1_V2.png>]
<Sections/Implementation/Max/images/Max/UI_to_file_edit_3.png, id=1030, 641.396
26pt x 320.19624pt>
File: Sections/Implementation/Max/images/Max/UI_to_file_edit_3.png Graphic file
 (type png)

<use Sections/Implementation/Max/images/Max/UI_to_file_edit_3.png>
Package pdftex.def Info: Sections/Implementation/Max/images/Max/UI_to_file_edit
_3.png used on input line 87.
(pdftex.def)             Requested size: 384.84071pt x 192.11922pt.
 [40 <./Sections/Implementation/Max/images/Max/lcd.png>] [41 <./Sections/Implem
entation/Max/images/Max/UI_to_file_edit_3.png>])
(./Sections/Implementation/RealRIRs/RealRIRs.tex [42]
<Sections/Implementation/RealRIRs/images/realRIRTopology1.jpg, id=1088, 2457.18
pt x 3276.24pt>
File: Sections/Implementation/RealRIRs/images/realRIRTopology1.jpg Graphic file
 (type jpg)

<use Sections/Implementation/RealRIRs/images/realRIRTopology1.jpg>
Package pdftex.def Info: Sections/Implementation/RealRIRs/images/realRIRTopolog
y1.jpg used on input line 22.
(pdftex.def)             Requested size: 147.42444pt x 196.56592pt.

<Sections/Implementation/RealRIRs/images/realRIRSetup_edit.jpg, id=1091, 2784.4
025pt x 1464.47125pt>
File: Sections/Implementation/RealRIRs/images/realRIRSetup_edit.jpg Graphic fil
e (type jpg)

<use Sections/Implementation/RealRIRs/images/realRIRSetup_edit.jpg>
Package pdftex.def Info: Sections/Implementation/RealRIRs/images/realRIRSetup_e
dit.jpg used on input line 31.
(pdftex.def)             Requested size: 389.81369pt x 205.02457pt.

<Sections/Implementation/RealRIRs/images/Real_RIRs7_editV2.png, id=1096, 1557.8
2pt x 988.69376pt>
File: Sections/Implementation/RealRIRs/images/Real_RIRs7_editV2.png Graphic fil
e (type png)

<use Sections/Implementation/RealRIRs/images/Real_RIRs7_editV2.png>
Package pdftex.def Info: Sections/Implementation/RealRIRs/images/Real_RIRs7_edi
tV2.png used on input line 52.
(pdftex.def)             Requested size: 467.34961pt x 296.61041pt.

Overfull \hbox (40.55827pt too wide) in paragraph at lines 52--53
 [] 
 []

[43]) (./Sections/Implementation/RIRFinalisation/RIRFinalisation.tex)
(./Sections/userTesting/userTesting.tex)
(./Sections/Appendix/AppendixA/AppendixA.tex
LaTeX Font Info:    Font shape `T1/ppl/bx/n' in size <20.74> not available
(Font)              Font shape `T1/ppl/b/n' tried instead on input line 14.
 [44]
<Sections/Appendix/AppendixA/images/bluePrintTop.jpg, id=1118, 2888.7925pt x 20
32.59375pt>
File: Sections/Appendix/AppendixA/images/bluePrintTop.jpg Graphic file (type jp
g)
 <use Sections/Appendix/AppendixA/images/bluePrintTop.jpg>
Package pdftex.def Info: Sections/Appendix/AppendixA/images/bluePrintTop.jpg us
ed on input line 20.
(pdftex.def)             Requested size: 288.89618pt x 203.27129pt.

<Sections/Appendix/AppendixA/images/realVsSku/roofSku.png, id=1119, 1445.4pt x 
903.375pt>
File: Sections/Appendix/AppendixA/images/realVsSku/roofSku.png Graphic file (ty
pe png)
 <use Sections/Appendix/AppendixA/images/realVsSku/roofSku.png>
Package pdftex.def Info: Sections/Appendix/AppendixA/images/realVsSku/roofSku.p
ng used on input line 29.
(pdftex.def)             Requested size: 289.07487pt x 180.6718pt.

<Sections/Appendix/AppendixA/images/realVsSku/roofReal.jpg, id=1120, 3276.24pt 
x 2457.18pt>
File: Sections/Appendix/AppendixA/images/realVsSku/roofReal.jpg Graphic file (t
ype jpg)
 <use Sections/Appendix/AppendixA/images/realVsSku/roofReal.jpg>
Package pdftex.def Info: Sections/Appendix/AppendixA/images/realVsSku/roofReal.
jpg used on input line 30.
(pdftex.def)             Requested size: 327.64319pt x 245.73239pt.

<Sections/Appendix/AppendixA/images/realVsSku/fromSeatsSku.png, id=1121, 1445.4
pt x 903.375pt>
File: Sections/Appendix/AppendixA/images/realVsSku/fromSeatsSku.png Graphic fil
e (type png)

<use Sections/Appendix/AppendixA/images/realVsSku/fromSeatsSku.png>
Package pdftex.def Info: Sections/Appendix/AppendixA/images/realVsSku/fromSeats
Sku.png used on input line 35.
(pdftex.def)             Requested size: 289.07487pt x 180.6718pt.

<Sections/Appendix/AppendixA/images/realVsSku/fromSeatsReal.jpg, id=1122, 3276.
24pt x 2457.18pt>
File: Sections/Appendix/AppendixA/images/realVsSku/fromSeatsReal.jpg Graphic fi
le (type jpg)

<use Sections/Appendix/AppendixA/images/realVsSku/fromSeatsReal.jpg>
Package pdftex.def Info: Sections/Appendix/AppendixA/images/realVsSku/fromSeats
Real.jpg used on input line 36.
(pdftex.def)             Requested size: 327.64319pt x 245.73239pt.

<Sections/Appendix/AppendixA/images/realVsSku/doorsSku.png, id=1123, 1445.4pt x
 903.375pt>
File: Sections/Appendix/AppendixA/images/realVsSku/doorsSku.png Graphic file (t
ype png)
 <use Sections/Appendix/AppendixA/images/realVsSku/doorsSku.png>
Package pdftex.def Info: Sections/Appendix/AppendixA/images/realVsSku/doorsSku.
png used on input line 41.
(pdftex.def)             Requested size: 289.07487pt x 180.6718pt.

<Sections/Appendix/AppendixA/images/realVsSku/doorsReal.jpg, id=1124, 3276.24pt
 x 2457.18pt>
File: Sections/Appendix/AppendixA/images/realVsSku/doorsReal.jpg Graphic file (
type jpg)
 <use Sections/Appendix/AppendixA/images/realVsSku/doorsReal.jpg>
Package pdftex.def Info: Sections/Appendix/AppendixA/images/realVsSku/doorsReal
.jpg used on input line 42.
(pdftex.def)             Requested size: 327.64319pt x 245.73239pt.

(./Sections/Appendix/AppendixA/Code/loadFilesLogic.js [45] [46])) [47]
Overfull \hbox (4.04419pt too wide) in paragraph at lines 94--94
\T1/ppl/m/n/10 gby Den-mark, 2015. [On-line]. Avail-able: [][]$\T1/pcr/m/n/10 h
ttp : / / www . odeon . dk / pdf / ODEONManual12 .
 []


Overfull \hbox (1.9156pt too wide) in paragraph at lines 94--94
[]\T1/ppl/m/n/10 (2016). Max/msp, Cy-cling74, [On-line]. Avail-able: [][]$\T1/p
cr/m/n/10 https : / / cycling74 . com / products /
 []

[48]
Overfull \hbox (14.91418pt too wide) in paragraph at lines 94--94
[]\T1/ppl/m/n/10 (2016). Ab-sorp-tion co-ef-fi-cients, Acous-tic-Traf-fic, [On-
line]. Avail-able: [][]$\T1/pcr/m/n/10 http : / / www . acoustic .
 []

Package atveryend Info: Empty hook `BeforeClearDocument' on input line 94.
[49] [50 <./Sections/Implementation/Modelling/images/realVsSku/roofSku.png> <./
Sections/Implementation/Modelling/images/HHroof.jpg>] [51 <./Sections/Implement
ation/RealRIRs/images/realRIRTopology1.jpg>] [52 <./Sections/Implementation/Rea
lRIRs/images/realRIRSetup_edit.jpg> <./Sections/Implementation/RealRIRs/images/
Real_RIRs7_editV2.png>] [53 <./Sections/Appendix/AppendixA/images/bluePrintTop.
jpg>] [54 <./Sections/Appendix/AppendixA/images/realVsSku/roofSku.png> <./Secti
ons/Appendix/AppendixA/images/realVsSku/roofReal.jpg>] [55 <./Sections/Appendix
/AppendixA/images/realVsSku/fromSeatsSku.png> <./Sections/Appendix/AppendixA/im
ages/realVsSku/fromSeatsReal.jpg>] [56 <./Sections/Appendix/AppendixA/images/re
alVsSku/doorsSku.png> <./Sections/Appendix/AppendixA/images/realVsSku/doorsReal
.jpg>]
Package atveryend Info: Empty hook `AfterLastShipout' on input line 94.
 (./main.aux)
Package atveryend Info: Executing hook `AtVeryEndDocument' on input line 94.
Package atveryend Info: Executing hook `AtEndAfterFileList' on input line 94.
Package rerunfilecheck Info: File `main.out' has not changed.
(rerunfilecheck)             Checksum: 7D6CC4AD32BBA8A6454146CBCD9F415B;5188.


LaTeX Warning: There were undefined references.


LaTeX Warning: There were multiply-defined labels.

Package logreq Info: Writing requests to 'main.run.xml'.
\openout1 = `main.run.xml'.

Package atveryend Info: Empty hook `AtVeryVeryEnd' on input line 94.
 ) 
Here is how much of TeX's memory you used:
 17527 strings out of 493089
 286748 string characters out of 6134842
 935322 words of memory out of 5000000
 20256 multiletter control sequences out of 15000+600000
 47370 words of font info for 88 fonts, out of 8000000 for 9000
 1141 hyphenation exceptions out of 8191
 47i,13n,52p,1299b,2007s stack positions out of 5000i,500n,10000p,200000b,80000s
{/usr/local/texlive/2015/texmf-dist/fonts/enc/dvips/base/8r.enc}</usr/local/t
exlive/2015/texmf-dist/fonts/type1/public/amsfonts/cm/cmr10.pfb></usr/local/tex
live/2015/texmf-dist/fonts/type1/public/amsfonts/cm/cmsy10.pfb></usr/local/texl
ive/2015/texmf-dist/fonts/type1/urw/courier/ucrr8a.pfb></usr/local/texlive/2015
/texmf-dist/fonts/type1/urw/palatino/uplb8a.pfb></usr/local/texlive/2015/texmf-
dist/fonts/type1/urw/palatino/uplbi8a.pfb></usr/local/texlive/2015/texmf-dist/f
onts/type1/urw/palatino/uplr8a.pfb></usr/local/texlive/2015/texmf-dist/fonts/ty
pe1/urw/palatino/uplri8a.pfb>
Output written on main.pdf (56 pages, 17712080 bytes).
PDF statistics:
 1441 PDF objects out of 1728 (max. 8388607)
 1248 compressed objects within 13 object streams
 368 named destinations out of 1000 (max. 500000)
 825 words of extra memory for PDF output out of 10000 (max. 10000000)

