\BOOKMARK [1][-]{section.1}{Supporting Material}{}% 1
\BOOKMARK [1][-]{section.2}{Acronyms}{}% 2
\BOOKMARK [2][-]{subsection.2.1}{ODEON}{section.2}% 3
\BOOKMARK [3][-]{subsubsection.2.1.1}{Water Tightness Test}{subsection.2.1}% 4
\BOOKMARK [3][-]{subsubsection.2.1.2}{Material Selection}{subsection.2.1}% 5
\BOOKMARK [4][-]{paragraph.2.1.2.1}{Initial Materials}{subsubsection.2.1.2}% 6
\BOOKMARK [4][-]{paragraph.2.1.2.2}{Surface Types}{subsubsection.2.1.2}% 7
\BOOKMARK [4][-]{paragraph.2.1.2.3}{RIR Comparison}{subsubsection.2.1.2}% 8
\BOOKMARK [3][-]{subsubsection.2.1.3}{Odeon Output Settings}{subsection.2.1}% 9
\BOOKMARK [4][-]{paragraph.2.1.3.1}{Ray Settings}{subsubsection.2.1.3}% 10
\BOOKMARK [4][-]{paragraph.2.1.3.2}{Directivity}{subsubsection.2.1.3}% 11
\BOOKMARK [3][-]{subsubsection.2.1.4}{RIR Topology Problems}{subsection.2.1}% 12
\BOOKMARK [4][-]{paragraph.2.1.4.1}{RIR Analysis}{subsubsection.2.1.4}% 13
\BOOKMARK [4][-]{paragraph.2.1.4.2}{Experiment}{subsubsection.2.1.4}% 14
\BOOKMARK [4][-]{paragraph.2.1.4.3}{Results}{subsubsection.2.1.4}% 15
\BOOKMARK [3][-]{subsubsection.2.1.5}{RIR Locations}{subsection.2.1}% 16
\BOOKMARK [3][-]{subsubsection.2.1.6}{RIR Rendering}{subsection.2.1}% 17
\BOOKMARK [2][-]{subsection.2.2}{File Sorting \(Extra Grids\)}{section.2}% 18
\BOOKMARK [2][-]{subsection.2.3}{RIR Calibration}{section.2}% 19
\BOOKMARK [3][-]{subsubsection.2.3.1}{Matlab}{subsection.2.3}% 20
\BOOKMARK [3][-]{subsubsection.2.3.2}{Reaper}{subsection.2.3}% 21
\BOOKMARK [2][-]{subsection.2.4}{Synthetic RIR Rendering Summary}{section.2}% 22
\BOOKMARK [1][-]{section*.37}{Appendices}{}% 23
\BOOKMARK [1][-]{Appendix.1.A}{Appendix A}{}% 24
\BOOKMARK [1][-]{Appendix.1.B}{Appendix B}{}% 25
\BOOKMARK [1][-]{Appendix.1.C}{Appendix C}{}% 26
\BOOKMARK [1][-]{Appendix.1.D}{Appendix D}{}% 27
\BOOKMARK [1][-]{Appendix.1.E}{Appendix E}{}% 28
