\BOOKMARK [1][-]{section.1}{Introduction}{}% 1
\BOOKMARK [2][-]{subsection.1.1}{Background}{section.1}% 2
\BOOKMARK [3][-]{subsubsection.1.1.1}{Virtual Acoustic Environments}{subsection.1.1}% 3
\BOOKMARK [3][-]{subsubsection.1.1.2}{Room Impulse Responses}{subsection.1.1}% 4
\BOOKMARK [3][-]{subsubsection.1.1.3}{Ambisonics}{subsection.1.1}% 5
\BOOKMARK [2][-]{subsection.1.2}{Software Overview}{section.1}% 6
\BOOKMARK [3][-]{subsubsection.1.2.1}{ODEON}{subsection.1.2}% 7
\BOOKMARK [4][-]{paragraph.1.2.1.1}{Ray-Tracing}{subsubsection.1.2.1}% 8
\BOOKMARK [4][-]{paragraph.1.2.1.2}{Image Source Method}{subsubsection.1.2.1}% 9
\BOOKMARK [4][-]{paragraph.1.2.1.3}{Hybrid Method}{subsubsection.1.2.1}% 10
\BOOKMARK [4][-]{paragraph.1.2.1.4}{Scattering}{subsubsection.1.2.1}% 11
\BOOKMARK [4][-]{paragraph.1.2.1.5}{Room Modelling}{subsubsection.1.2.1}% 12
\BOOKMARK [4][-]{paragraph.1.2.1.6}{Material Selection}{subsubsection.1.2.1}% 13
\BOOKMARK [3][-]{subsubsection.1.2.2}{Google SketchUp}{subsection.1.2}% 14
\BOOKMARK [3][-]{subsubsection.1.2.3}{Max/MSP}{subsection.1.2}% 15
\BOOKMARK [4][-]{paragraph.1.2.3.1}{Spat}{subsubsection.1.2.3}% 16
\BOOKMARK [2][-]{subsection.1.3}{Project Description}{section.1}% 17
\BOOKMARK [3][-]{subsubsection.1.3.1}{The Virtual Singing Studio}{subsection.1.3}% 18
\BOOKMARK [3][-]{subsubsection.1.3.2}{Project Motivation}{subsection.1.3}% 19
\BOOKMARK [3][-]{subsubsection.1.3.3}{Project Objectives}{subsection.1.3}% 20
\BOOKMARK [3][-]{subsubsection.1.3.4}{Project Overview}{subsection.1.3}% 21
\BOOKMARK [3][-]{subsubsection.1.3.5}{Room Choice}{subsection.1.3}% 22
\BOOKMARK [3][-]{subsubsection.1.3.6}{User Test Planning}{subsection.1.3}% 23
